<?xml version="1.0" encoding="UTF-8"?>
<testng-results ignored="0" total="4" passed="4" failed="0" skipped="0">
  <reporter-output>
  </reporter-output>
  <suite started-at="2023-05-18T08:46:28 EDT" name="Suite" finished-at="2023-05-18T08:46:54 EDT" duration-ms="25985">
    <groups>
    </groups>
    <test started-at="2023-05-18T08:46:28 EDT" name="Test" finished-at="2023-05-18T08:46:54 EDT" duration-ms="25985">
      <class name="com.test.MultiTest">
        <test-method is-config="true" signature="Initalization()[pri:0, instance:com.test.MultiTest@5bd03f44]" started-at="2023-05-18T08:46:28 EDT" name="Initalization" finished-at="2023-05-18T08:46:33 EDT" duration-ms="4924" status="PASS">
          <reporter-output>
          </reporter-output>
        </test-method> <!-- Initalization -->
        <test-method signature="AdvanceDropDown()[pri:0, instance:com.test.MultiTest@5bd03f44]" started-at="2023-05-18T08:46:33 EDT" name="AdvanceDropDown" finished-at="2023-05-18T08:46:36 EDT" duration-ms="3452" status="PASS">
          <reporter-output>
          </reporter-output>
        </test-method> <!-- AdvanceDropDown -->
        <test-method signature="SelectDropDown()[pri:0, instance:com.test.MultiTest@5bd03f44]" started-at="2023-05-18T08:46:36 EDT" name="SelectDropDown" finished-at="2023-05-18T08:46:37 EDT" duration-ms="370" status="PASS">
          <reporter-output>
          </reporter-output>
        </test-method> <!-- SelectDropDown -->
        <test-method is-config="true" signature="CleanUp()[pri:0, instance:com.test.MultiTest@5bd03f44]" started-at="2023-05-18T08:46:37 EDT" name="CleanUp" finished-at="2023-05-18T08:46:37 EDT" duration-ms="167" status="PASS">
          <reporter-output>
          </reporter-output>
        </test-method> <!-- CleanUp -->
      </class> <!-- com.test.MultiTest -->
      <class name="com.test.FrameHandling">
        <test-method signature="Frames()[pri:0, instance:com.test.FrameHandling@353d0772]" started-at="2023-05-18T08:46:37 EDT" name="Frames" finished-at="2023-05-18T08:46:47 EDT" duration-ms="9937" status="PASS">
          <reporter-output>
          </reporter-output>
        </test-method> <!-- Frames -->
      </class> <!-- com.test.FrameHandling -->
      <class name="com.test.MouseHovering">
        <test-method signature="MouseHoveringConcept()[pri:0, instance:com.test.MouseHovering@2667f029]" started-at="2023-05-18T08:46:47 EDT" name="MouseHoveringConcept" finished-at="2023-05-18T08:46:54 EDT" duration-ms="7098" status="PASS">
          <reporter-output>
          </reporter-output>
        </test-method> <!-- MouseHoveringConcept -->
      </class> <!-- com.test.MouseHovering -->
    </test> <!-- Test -->
  </suite> <!-- Suite -->
</testng-results>
