<?xml version="1.0" encoding="UTF-8"?>
<!-- Generated by org.testng.reporters.JUnitXMLReporter -->
<testsuite ignored="0" hostname="LAPTOP-KJB4U546" failures="0" tests="4" name="Test" time="25.985" errors="0" timestamp="2023-05-18T08:46:54 EDT">
  <testcase classname="com.test.MultiTest" name="AdvanceDropDown" time="3.452"/>
  <testcase classname="com.test.MultiTest" name="SelectDropDown" time="0.37"/>
  <testcase classname="com.test.FrameHandling" name="Frames" time="9.937"/>
  <testcase classname="com.test.MouseHovering" name="MouseHoveringConcept" time="7.098"/>
</testsuite> <!-- Test -->
